<?xml version="1.0" encoding="UTF-8"?>
<testsuite xmlns:xsi="http://www.w3.org/2001/XMLSchema-instance" xsi:noNamespaceSchemaLocation="https://maven.apache.org/surefire/maven-surefire-plugin/xsd/surefire-test-report.xsd" name="tests.courier.CourierLoginTest" time="70.207" tests="4" errors="0" skipped="0" failures="1">
  <properties>
[...]
</properties>
  <testcase name="testLoginWithoutRequiredFields" classname="tests.courier.CourierLoginTest" time="66.465">
    <failure message="1 expectation failed.&#10;Expected status code &lt;400&gt; but was &lt;504&gt;.&#10;" type="java.lang.AssertionError"><![CDATA[java.lang.AssertionError: 
1 expectation failed.
Expected status code <400> but was <504>.

	at tests.courier.CourierLoginTest.testLoginWithoutRequiredFields(CourierLoginTest.java:46)
]]></failure>
    <system-err><![CDATA[SLF4J: Failed to load class "org.slf4j.impl.StaticLoggerBinder".
SLF4J: Defaulting to no-operation (NOP) logger implementation
SLF4J: See http://www.slf4j.org/codes.html#StaticLoggerBinder for further details.
]]></system-err>
  </testcase>
  <testcase name="testLogin" classname="tests.courier.CourierLoginTest" time="2.191"/>
  <testcase name="testLoginAsNonExistentCourier" classname="tests.courier.CourierLoginTest" time="0.582"/>
  <testcase name="testLoginWithInvalidCredentials" classname="tests.courier.CourierLoginTest" time="0.558"/>
</testsuite>